14:30:43.029 [main] WARN  aoc.y2015.Day19 - dfd
14:30:56.373 [main] WARN  aoc.y2015.Day19 - dfd
14:30:56.375 [main] ERROR aoc.y2015.Day19 - sdf
14:33:04.521 [main] WARN  aoc.y2015.Day19 - dfd
14:33:04.522 [main] ERROR aoc.y2015.Day19 - sdf
14:33:15.409 [main] WARN  aoc.y2015.Day19 - dfd
14:33:15.410 [main] ERROR aoc.y2015.Day19 - sdf
14:33:47.216 [main] WARN  aoc.y2015.Day19 - dfd
14:33:47.218 [main] ERROR aoc.y2015.Day19 - sdf
14:34:24.428 [main] WARN  aoc.y2015.Day19 - dfd
14:34:24.429 [main] ERROR aoc.y2015.Day19 - sdf
14:34:41.976 [main] WARN  aoc.y2015.Day19 - dfd
14:34:41.977 [main] ERROR aoc.y2015.Day19 - sdf
14:35:10.855 [main] WARN  aoc.y2015.Day19 - dfd
14:35:10.857 [main] ERROR aoc.y2015.Day19 - sdf
14:35:30.857 [main] WARN  aoc.y2015.Day19 - dfd
14:35:30.858 [main] ERROR aoc.y2015.Day19 - sdf
14:36:06.286 [main] WARN  aoc.y2015.Day19 - dfd
14:36:06.288 [main] ERROR aoc.y2015.Day19 - sdf
14:37:17.651 [main] WARN  aoc.y2015.Day19 - dfd
14:37:17.653 [main] ERROR aoc.y2015.Day19 - sdf
14:37:30.503 [main] WARN  aoc.y2015.Day19 - dfd
14:37:30.504 [main] ERROR aoc.y2015.Day19 - sdf
14:41:27.869 [main] INFO  aoc.AU - Day 19 Q1: 535
14:41:27.874 [main] WARN  aoc.y2015.Day19 - dfd
14:41:27.874 [main] ERROR aoc.y2015.Day19 - sdf
14:41:27.875 [main] INFO  aoc.AU - Day 19 Q2: 212
14:42:38.325 [main] INFO  aoc.AU - Day 19 Q1: 535
14:42:38.329 [main] WARN  aoc.y2015.Day19 - dfd
14:42:38.330 [main] ERROR aoc.y2015.Day19 - sdf
14:42:38.330 [main] INFO  aoc.AU - Day 19 Q2: 212
14:44:42.703 [main] INFO  aoc.AU - Day 08 Q1: 1333
14:44:42.713 [main] INFO  aoc.AU - Day 08 Q2: 2046
14:49:36.171 [main] INFO  aoc.AU - Day 08 Q1: 1333
14:49:36.178 [main] INFO  aoc.AU - Day 08 Q2: 2046
14:50:02.951 [main] INFO  aoc.AU - Day 08 Q1: 1333
14:50:02.964 [main] INFO  aoc.AU - Day 08 Q2: 2046
14:50:25.524 [main] INFO  aoc.AU - Day 19 Q1: 535
14:50:25.532 [main] WARN  aoc.y2015.Day19 - dfd
14:50:25.533 [main] ERROR aoc.y2015.Day19 - sdf
14:50:25.533 [main] INFO  aoc.AU - Day 19 Q2: 212
14:51:08.785 [main] WARN  aoc.AU - Starting day : 19
14:51:08.793 [main] INFO  aoc.AU - Day 19 Q1: 535
14:51:08.796 [main] INFO  aoc.AU - Day 19 Q2: 212
14:51:43.322 [main] WARN  aoc.AU - -------------------------------------------------------------------
14:51:43.323 [main] WARN  aoc.AU - |   Starting day : 19
14:51:43.323 [main] WARN  aoc.AU - -------------------------------------------------------------------
14:51:43.329 [main] INFO  aoc.AU - Day 19 Q1: 535
14:51:43.332 [main] INFO  aoc.AU - Day 19 Q2: 212
14:52:00.578 [main] WARN  aoc.AU - -------------------------------------------------------------------
14:52:00.580 [main] WARN  aoc.AU -                     Starting day : 19
14:52:00.580 [main] WARN  aoc.AU - -------------------------------------------------------------------
14:52:00.587 [main] INFO  aoc.AU - Day 19 Q1: 535
14:52:00.591 [main] INFO  aoc.AU - Day 19 Q2: 212
14:54:20.285 [main] WARN  aoc.AU - -------------------------------------------------------------------
14:54:20.288 [main] WARN  aoc.AU -                     Starting day : 19
14:54:20.288 [main] WARN  aoc.AU - -------------------------------------------------------------------
14:54:20.296 [main] INFO  aoc.AU - Day 19 Q1: 535
14:54:20.302 [main] INFO  aoc.AU - Day 19 Q2: 212
